# JRE version: Java(TM) SE Runtime Environment (8.0_05-b13) (build 1.8.0_05-b13)
# Java VM: Java HotSpot(TM) 64-Bit Server VM (25.5-b02 mixed mode windows-amd64 compressed oops)
Heap:
 def new generation   total 1152K, used 232K [0x00000000a2400000, 0x00000000a2540000, 0x00000000c1800000)
  eden space 1024K,  12% used [0x00000000a2400000, 0x00000000a2420d80, 0x00000000a2500000)
  from space 128K,  79% used [0x00000000a2500000, 0x00000000a2519520, 0x00000000a2520000)
  to   space 128K,   0% used [0x00000000a2520000, 0x00000000a2520000, 0x00000000a2540000)
 tenured generation   total 127744K, used 51592K [0x00000000c1800000, 0x00000000c94c0000, 0x0000000100000000)
   the space 127744K,  40% used [0x00000000c1800000, 0x00000000c4a623f8, 0x00000000c4a62400, 0x00000000c94c0000)
 Metaspace       used 14812K, capacity 15158K, committed 15360K, reserved 1062912K
  class space    used 1678K, capacity 1781K, committed 1792K, reserved 1048576K
GC Heap History (10 events):
Event: 6.843 GC heap before
{Heap before GC invocations=575 (full 0):
 def new generation   total 1152K, used 1152K [0x00000000a2400000, 0x00000000a2540000, 0x00000000c1800000)
  eden space 1024K, 100% used [0x00000000a2400000, 0x00000000a2500000, 0x00000000a2500000)
  from space 128K, 100% used [0x00000000a2520000, 0x00000000a2540000, 0x00000000a2540000)
  to   space 128K,   0% used [0x00000000a2500000, 0x00000000a2500000, 0x00000000a2520000)
 tenured generation   total 127744K, used 51099K [0x00000000c1800000, 0x00000000c94c0000, 0x0000000100000000)
   the space 127744K,  40% used [0x00000000c1800000, 0x00000000c49e6d48, 0x00000000c49e6e00, 0x00000000c94c0000)
 Metaspace       used 14598K, capacity 14934K, committed 15104K, reserved 1062912K
  class space    used 1648K, capacity 1749K, committed 1792K, reserved 1048576K
Event: 6.845 GC heap after
Heap after GC invocations=576 (full 0):
 def new generation   total 1152K, used 127K [0x00000000a2400000, 0x00000000a2540000, 0x00000000c1800000)
  eden space 1024K,   0% used [0x00000000a2400000, 0x00000000a2400000, 0x00000000a2500000)
  from space 128K,  99% used [0x00000000a2500000, 0x00000000a251fff8, 0x00000000a2520000)
  to   space 128K,   0% used [0x00000000a2520000, 0x00000000a2520000, 0x00000000a2540000)
 tenured generation   total 127744K, used 51261K [0x00000000c1800000, 0x00000000c94c0000, 0x0000000100000000)
   the space 127744K,  40% used [0x00000000c1800000, 0x00000000c4a0f738, 0x00000000c4a0f800, 0x00000000c94c0000)
 Metaspace       used 14598K, capacity 14934K, committed 15104K, reserved 1062912K
  class space    used 1648K, capacity 1749K, committed 1792K, reserved 1048576K
}
Event: 6.924 GC heap before
{Heap before GC invocations=576 (full 0):
 def new generation   total 1152K, used 1151K [0x00000000a2400000, 0x00000000a2540000, 0x00000000c1800000)
  eden space 1024K, 100% used [0x00000000a2400000, 0x00000000a2500000, 0x00000000a2500000)
  from space 128K,  99% used [0x00000000a2500000, 0x00000000a251fff8, 0x00000000a2520000)
  to   space 128K,   0% used [0x00000000a2520000, 0x00000000a2520000, 0x00000000a2540000)
 tenured generation   total 127744K, used 51261K [0x00000000c1800000, 0x00000000c94c0000, 0x0000000100000000)
   the space 127744K,  40% used [0x00000000c1800000, 0x00000000c4a0f738, 0x00000000c4a0f800, 0x00000000c94c0000)
 Metaspace       used 14655K, capacity 14998K, committed 15104K, reserved 1062912K
  class space    used 1653K, capacity 1749K, committed 1792K, reserved 1048576K
Event: 6.926 GC heap after
Heap after GC invocations=577 (full 0):
 def new generation   total 1152K, used 98K [0x00000000a2400000, 0x00000000a2540000, 0x00000000c1800000)
  eden space 1024K,   0% used [0x00000000a2400000, 0x00000000a2400000, 0x00000000a2500000)
  from space 128K,  77% used [0x00000000a2520000, 0x00000000a2538be8, 0x00000000a2540000)
  to   space 128K,   0% used [0x00000000a2500000, 0x00000000a2500000, 0x00000000a2520000)
 tenured generation   total 127744K, used 51388K [0x00000000c1800000, 0x00000000c94c0000, 0x0000000100000000)
   the space 127744K,  40% used [0x00000000c1800000, 0x00000000c4a2f140, 0x00000000c4a2f200, 0x00000000c94c0000)
 Metaspace       used 14655K, capacity 14998K, committed 15104K, reserved 1062912K
  class space    used 1653K, capacity 1749K, committed 1792K, reserved 1048576K
}
Event: 6.929 GC heap before
{Heap before GC invocations=577 (full 0):
 def new generation   total 1152K, used 1122K [0x00000000a2400000, 0x00000000a2540000, 0x00000000c1800000)
  eden space 1024K, 100% used [0x00000000a2400000, 0x00000000a2500000, 0x00000000a2500000)
  from space 128K,  77% used [0x00000000a2520000, 0x00000000a2538be8, 0x00000000a2540000)
  to   space 128K,   0% used [0x00000000a2500000, 0x00000000a2500000, 0x00000000a2520000)
 tenured generation   total 127744K, used 51388K [0x00000000c1800000, 0x00000000c94c0000, 0x0000000100000000)
   the space 127744K,  40% used [0x00000000c1800000, 0x00000000c4a2f140, 0x00000000c4a2f200, 0x00000000c94c0000)
 Metaspace       used 14655K, capacity 14998K, committed 15104K, reserved 1062912K
  class space    used 1653K, capacity 1749K, committed 1792K, reserved 1048576K
Event: 6.931 GC heap after
Heap after GC invocations=578 (full 0):
 def new generation   total 1152K, used 98K [0x00000000a2400000, 0x00000000a2540000, 0x00000000c1800000)
  eden space 1024K,   0% used [0x00000000a2400000, 0x00000000a2400000, 0x00000000a2500000)
  from space 128K,  76% used [0x00000000a2500000, 0x00000000a2518878, 0x00000000a2520000)
  to   space 128K,   0% used [0x00000000a2520000, 0x00000000a2520000, 0x00000000a2540000)
 tenured generation   total 127744K, used 51443K [0x00000000c1800000, 0x00000000c94c0000, 0x0000000100000000)
   the space 127744K,  40% used [0x00000000c1800000, 0x00000000c4a3cdc8, 0x00000000c4a3ce00, 0x00000000c94c0000)
 Metaspace       used 14655K, capacity 14998K, committed 15104K, reserved 1062912K
  class space    used 1653K, capacity 1749K, committed 1792K, reserved 1048576K
}
Event: 6.945 GC heap before
{Heap before GC invocations=578 (full 0):
 def new generation   total 1152K, used 1118K [0x00000000a2400000, 0x00000000a2540000, 0x00000000c1800000)
  eden space 1024K,  99% used [0x00000000a2400000, 0x00000000a24feff0, 0x00000000a2500000)
  from space 128K,  76% used [0x00000000a2500000, 0x00000000a2518878, 0x00000000a2520000)
  to   space 128K,   0% used [0x00000000a2520000, 0x00000000a2520000, 0x00000000a2540000)
 tenured generation   total 127744K, used 51443K [0x00000000c1800000, 0x00000000c94c0000, 0x0000000100000000)
   the space 127744K,  40% used [0x00000000c1800000, 0x00000000c4a3cdc8, 0x00000000c4a3ce00, 0x00000000c94c0000)
 Metaspace       used 14687K, capacity 15062K, committed 15360K, reserved 1062912K
  class space    used 1661K, capacity 1749K, committed 1792K, reserved 1048576K
Event: 6.946 GC heap after
Heap after GC invocations=579 (full 0):
 def new generation   total 1152K, used 88K [0x00000000a2400000, 0x00000000a2540000, 0x00000000c1800000)
  eden space 1024K,   0% used [0x00000000a2400000, 0x00000000a2400000, 0x00000000a2500000)
  from space 128K,  69% used [0x00000000a2520000, 0x00000000a2536330, 0x00000000a2540000)
  to   space 128K,   0% used [0x00000000a2500000, 0x00000000a2500000, 0x00000000a2520000)
 tenured generation   total 127744K, used 51541K [0x00000000c1800000, 0x00000000c94c0000, 0x0000000100000000)
   the space 127744K,  40% used [0x00000000c1800000, 0x00000000c4a55438, 0x00000000c4a55600, 0x00000000c94c0000)
 Metaspace       used 14687K, capacity 15062K, committed 15360K, reserved 1062912K
  class space    used 1661K, capacity 1749K, committed 1792K, reserved 1048576K
}
Event: 6.975 GC heap before
{Heap before GC invocations=579 (full 0):
 def new generation   total 1152K, used 1112K [0x00000000a2400000, 0x00000000a2540000, 0x00000000c1800000)
  eden space 1024K, 100% used [0x00000000a2400000, 0x00000000a2500000, 0x00000000a2500000)
  from space 128K,  69% used [0x00000000a2520000, 0x00000000a2536330, 0x00000000a2540000)
  to   space 128K,   0% used [0x00000000a2500000, 0x00000000a2500000, 0x00000000a2520000)
 tenured generation   total 127744K, used 51541K [0x00000000c1800000, 0x00000000c94c0000, 0x0000000100000000)
   the space 127744K,  40% used [0x00000000c1800000, 0x00000000c4a55438, 0x00000000c4a55600, 0x00000000c94c0000)
 Metaspace       used 14792K, capacity 15158K, committed 15360K, reserved 1062912K
  class space    used 1673K, capacity 1781K, committed 1792K, reserved 1048576K
Event: 6.977 GC heap after
Heap after GC invocations=580 (full 0):
 def new generation   total 1152K, used 101K [0x00000000a2400000, 0x00000000a2540000, 0x00000000c1800000)
  eden space 1024K,   0% used [0x00000000a2400000, 0x00000000a2400000, 0x00000000a2500000)
  from space 128K,  79% used [0x00000000a2500000, 0x00000000a2519520, 0x00000000a2520000)
  to   space 128K,   0% used [0x00000000a2520000, 0x00000000a2520000, 0x00000000a2540000)
 tenured generation   total 127744K, used 51592K [0x00000000c1800000, 0x00000000c94c0000, 0x0000000100000000)
   the space 127744K,  40% used [0x00000000c1800000, 0x00000000c4a623f8, 0x00000000c4a62400, 0x00000000c94c0000)
 Metaspace       used 14792K, capacity 15158K, committed 15360K, reserved 1062912K
  class space    used 1673K, capacity 1781K, committed 1792K, reserved 1048576K
}

