# JRE version: Java(TM) SE Runtime Environment (8.0_05-b13) (build 1.8.0_05-b13)
# Java VM: Java HotSpot(TM) 64-Bit Server VM (25.5-b02 mixed mode windows-amd64 compressed oops)
Heap:
 def new generation   total 1152K, used 513K [0x00000000a2400000, 0x00000000a2540000, 0x00000000c1800000)
  eden space 1024K,  38% used [0x00000000a2400000, 0x00000000a2467a88, 0x00000000a2500000)
  from space 128K,  93% used [0x00000000a2500000, 0x00000000a251dfb8, 0x00000000a2520000)
  to   space 128K,   0% used [0x00000000a2520000, 0x00000000a2520000, 0x00000000a2540000)
 tenured generation   total 127744K, used 11766K [0x00000000c1800000, 0x00000000c94c0000, 0x0000000100000000)
   the space 127744K,   9% used [0x00000000c1800000, 0x00000000c237d960, 0x00000000c237da00, 0x00000000c94c0000)
 Metaspace       used 8214K, capacity 8416K, committed 8448K, reserved 1056768K
  class space    used 907K, capacity 992K, committed 1024K, reserved 1048576K
GC Heap History (10 events):
Event: 0.904 GC heap before
{Heap before GC invocations=34 (full 0):
 def new generation   total 1152K, used 1152K [0x00000000a2400000, 0x00000000a2540000, 0x00000000c1800000)
  eden space 1024K, 100% used [0x00000000a2400000, 0x00000000a2500000, 0x00000000a2500000)
  from space 128K, 100% used [0x00000000a2500000, 0x00000000a2520000, 0x00000000a2520000)
  to   space 128K,   0% used [0x00000000a2520000, 0x00000000a2520000, 0x00000000a2540000)
 tenured generation   total 127744K, used 7327K [0x00000000c1800000, 0x00000000c94c0000, 0x0000000100000000)
   the space 127744K,   5% used [0x00000000c1800000, 0x00000000c1f27c80, 0x00000000c1f27e00, 0x00000000c94c0000)
 Metaspace       used 8143K, capacity 8352K, committed 8448K, reserved 1056768K
  class space    used 903K, capacity 992K, committed 1024K, reserved 1048576K
Event: 0.907 GC heap after
Heap after GC invocations=35 (full 0):
 def new generation   total 1152K, used 127K [0x00000000a2400000, 0x00000000a2540000, 0x00000000c1800000)
  eden space 1024K,   0% used [0x00000000a2400000, 0x00000000a2400000, 0x00000000a2500000)
  from space 128K,  99% used [0x00000000a2520000, 0x00000000a253fff8, 0x00000000a2540000)
  to   space 128K,   0% used [0x00000000a2500000, 0x00000000a2500000, 0x00000000a2520000)
 tenured generation   total 127744K, used 8268K [0x00000000c1800000, 0x00000000c94c0000, 0x0000000100000000)
   the space 127744K,   6% used [0x00000000c1800000, 0x00000000c2013228, 0x00000000c2013400, 0x00000000c94c0000)
 Metaspace       used 8143K, capacity 8352K, committed 8448K, reserved 1056768K
  class space    used 903K, capacity 992K, committed 1024K, reserved 1048576K
}
Event: 0.918 GC heap before
{Heap before GC invocations=35 (full 0):
 def new generation   total 1152K, used 1151K [0x00000000a2400000, 0x00000000a2540000, 0x00000000c1800000)
  eden space 1024K, 100% used [0x00000000a2400000, 0x00000000a2500000, 0x00000000a2500000)
  from space 128K,  99% used [0x00000000a2520000, 0x00000000a253fff8, 0x00000000a2540000)
  to   space 128K,   0% used [0x00000000a2500000, 0x00000000a2500000, 0x00000000a2520000)
 tenured generation   total 127744K, used 8268K [0x00000000c1800000, 0x00000000c94c0000, 0x0000000100000000)
   the space 127744K,   6% used [0x00000000c1800000, 0x00000000c2013228, 0x00000000c2013400, 0x00000000c94c0000)
 Metaspace       used 8143K, capacity 8352K, committed 8448K, reserved 1056768K
  class space    used 903K, capacity 992K, committed 1024K, reserved 1048576K
Event: 0.920 GC heap after
Heap after GC invocations=36 (full 0):
 def new generation   total 1152K, used 128K [0x00000000a2400000, 0x00000000a2540000, 0x00000000c1800000)
  eden space 1024K,   0% used [0x00000000a2400000, 0x00000000a2400000, 0x00000000a2500000)
  from space 128K, 100% used [0x00000000a2500000, 0x00000000a2520000, 0x00000000a2520000)
  to   space 128K,   0% used [0x00000000a2520000, 0x00000000a2520000, 0x00000000a2540000)
 tenured generation   total 127744K, used 9213K [0x00000000c1800000, 0x00000000c94c0000, 0x0000000100000000)
   the space 127744K,   7% used [0x00000000c1800000, 0x00000000c20ff5c0, 0x00000000c20ff600, 0x00000000c94c0000)
 Metaspace       used 8143K, capacity 8352K, committed 8448K, reserved 1056768K
  class space    used 903K, capacity 992K, committed 1024K, reserved 1048576K
}
Event: 0.928 GC heap before
{Heap before GC invocations=36 (full 0):
 def new generation   total 1152K, used 1152K [0x00000000a2400000, 0x00000000a2540000, 0x00000000c1800000)
  eden space 1024K, 100% used [0x00000000a2400000, 0x00000000a2500000, 0x00000000a2500000)
  from space 128K, 100% used [0x00000000a2500000, 0x00000000a2520000, 0x00000000a2520000)
  to   space 128K,   0% used [0x00000000a2520000, 0x00000000a2520000, 0x00000000a2540000)
 tenured generation   total 127744K, used 9213K [0x00000000c1800000, 0x00000000c94c0000, 0x0000000100000000)
   the space 127744K,   7% used [0x00000000c1800000, 0x00000000c20ff5c0, 0x00000000c20ff600, 0x00000000c94c0000)
 Metaspace       used 8143K, capacity 8352K, committed 8448K, reserved 1056768K
  class space    used 903K, capacity 992K, committed 1024K, reserved 1048576K
Event: 0.931 GC heap after
Heap after GC invocations=37 (full 0):
 def new generation   total 1152K, used 128K [0x00000000a2400000, 0x00000000a2540000, 0x00000000c1800000)
  eden space 1024K,   0% used [0x00000000a2400000, 0x00000000a2400000, 0x00000000a2500000)
  from space 128K, 100% used [0x00000000a2520000, 0x00000000a2540000, 0x00000000a2540000)
  to   space 128K,   0% used [0x00000000a2500000, 0x00000000a2500000, 0x00000000a2520000)
 tenured generation   total 127744K, used 10156K [0x00000000c1800000, 0x00000000c94c0000, 0x0000000100000000)
   the space 127744K,   7% used [0x00000000c1800000, 0x00000000c21eb2f0, 0x00000000c21eb400, 0x00000000c94c0000)
 Metaspace       used 8143K, capacity 8352K, committed 8448K, reserved 1056768K
  class space    used 903K, capacity 992K, committed 1024K, reserved 1048576K
}
Event: 0.964 GC heap before
{Heap before GC invocations=37 (full 0):
 def new generation   total 1152K, used 1152K [0x00000000a2400000, 0x00000000a2540000, 0x00000000c1800000)
  eden space 1024K, 100% used [0x00000000a2400000, 0x00000000a2500000, 0x00000000a2500000)
  from space 128K, 100% used [0x00000000a2520000, 0x00000000a2540000, 0x00000000a2540000)
  to   space 128K,   0% used [0x00000000a2500000, 0x00000000a2500000, 0x00000000a2520000)
 tenured generation   total 127744K, used 10156K [0x00000000c1800000, 0x00000000c94c0000, 0x0000000100000000)
   the space 127744K,   7% used [0x00000000c1800000, 0x00000000c21eb2f0, 0x00000000c21eb400, 0x00000000c94c0000)
 Metaspace       used 8143K, capacity 8352K, committed 8448K, reserved 1056768K
  class space    used 903K, capacity 992K, committed 1024K, reserved 1048576K
Event: 0.967 GC heap after
Heap after GC invocations=38 (full 0):
 def new generation   total 1152K, used 128K [0x00000000a2400000, 0x00000000a2540000, 0x00000000c1800000)
  eden space 1024K,   0% used [0x00000000a2400000, 0x00000000a2400000, 0x00000000a2500000)
  from space 128K, 100% used [0x00000000a2500000, 0x00000000a2520000, 0x00000000a2520000)
  to   space 128K,   0% used [0x00000000a2520000, 0x00000000a2520000, 0x00000000a2540000)
 tenured generation   total 127744K, used 11102K [0x00000000c1800000, 0x00000000c94c0000, 0x0000000100000000)
   the space 127744K,   8% used [0x00000000c1800000, 0x00000000c22d7930, 0x00000000c22d7a00, 0x00000000c94c0000)
 Metaspace       used 8143K, capacity 8352K, committed 8448K, reserved 1056768K
  class space    used 903K, capacity 992K, committed 1024K, reserved 1048576K
}
Event: 0.985 GC heap before
{Heap before GC invocations=38 (full 0):
 def new generation   total 1152K, used 1152K [0x00000000a2400000, 0x00000000a2540000, 0x00000000c1800000)
  eden space 1024K, 100% used [0x00000000a2400000, 0x00000000a2500000, 0x00000000a2500000)
  from space 128K, 100% used [0x00000000a2500000, 0x00000000a2520000, 0x00000000a2520000)
  to   space 128K,   0% used [0x00000000a2520000, 0x00000000a2520000, 0x00000000a2540000)
 tenured generation   total 127744K, used 11102K [0x00000000c1800000, 0x00000000c94c0000, 0x0000000100000000)
   the space 127744K,   8% used [0x00000000c1800000, 0x00000000c22d7930, 0x00000000c22d7a00, 0x00000000c94c0000)
 Metaspace       used 8185K, capacity 8416K, committed 8448K, reserved 1056768K
  class space    used 905K, capacity 992K, committed 1024K, reserved 1048576K
Event: 0.988 GC heap after
Heap after GC invocations=39 (full 0):
 def new generation   total 1152K, used 128K [0x00000000a2400000, 0x00000000a2540000, 0x00000000c1800000)
  eden space 1024K,   0% used [0x00000000a2400000, 0x00000000a2400000, 0x00000000a2500000)
  from space 128K, 100% used [0x00000000a2520000, 0x00000000a2540000, 0x00000000a2540000)
  to   space 128K,   0% used [0x00000000a2500000, 0x00000000a2500000, 0x00000000a2520000)
 tenured generation   total 127744K, used 11640K [0x00000000c1800000, 0x00000000c94c0000, 0x0000000100000000)
   the space 127744K,   9% used [0x00000000c1800000, 0x00000000c235e000, 0x00000000c235e000, 0x00000000c94c0000)
 Metaspace       used 8185K, capacity 8416K, committed 8448K, reserved 1056768K
  class space    used 905K, capacity 992K, committed 1024K, reserved 1048576K
}

